#
# There is insufficient memory for the Java Runtime Environment to continue.
# Native memory allocation (mmap) failed to map 266338304 bytes for G1 virtual space
# Possible reasons:
#   The system is out of physical RAM or swap space
#   The process is running with CompressedOops enabled, and the Java Heap may be blocking the growth of the native heap
# Possible solutions:
#   Reduce memory load on the system
#   Increase physical memory or swap space
#   Check if swap backing store is full
#   Decrease Java heap size (-Xmx/-Xms)
#   Decrease number of Java threads
#   Decrease Java thread stack sizes (-Xss)
#   Set larger code cache with -XX:ReservedCodeCacheSize=
#   JVM is running with Zero Based Compressed Oops mode in which the Java heap is
#     placed in the first 32GB address space. The Java Heap base address is the
#     maximum limit for the native heap growth. Please use -XX:HeapBaseMinAddress
#     to set the Java Heap base and to place the Java Heap above 32GB virtual address.
# This output file may be truncated or incomplete.
#
#  Out of Memory Error (os_windows.cpp:3769), pid=25340, tid=48044
#
# JRE version:  (17.0.6) (build )
# Java VM: OpenJDK 64-Bit Server VM (17.0.6+0-b2043.56-9586694, mixed mode, sharing, tiered, compressed oops, compressed class ptrs, g1 gc, windows-amd64)
# No core dump will be written. Minidumps are not enabled by default on client versions of Windows
#

---------------  S U M M A R Y ------------

Command Line: org.jetbrains.kotlin.cli.jvm.K2JVMCompiler @D:\android\project\android_project\rvigor\app\build\20240513_4306296126494155438.compiler.options

Host: AMD Ryzen 7 4800H with Radeon Graphics         , 16 cores, 15G,  Windows 11 , 64 bit Build 22621 (10.0.22621.3374)
Time: Mon May 13 17:28:02 2024  Windows 11 , 64 bit Build 22621 (10.0.22621.3374) elapsed time: 0.014663 seconds (0d 0h 0m 0s)

---------------  T H R E A D  ---------------

Current thread (0x000001e10e2e02a0):  JavaThread "Unknown thread" [_thread_in_vm, id=48044, stack(0x0000007431900000,0x0000007431a00000)]

Stack: [0x0000007431900000,0x0000007431a00000]
Native frames: (J=compiled Java code, j=interpreted, Vv=VM code, C=native code)
V  [jvm.dll+0x683b4a]
V  [jvm.dll+0x842654]
V  [jvm.dll+0x843dfe]
V  [jvm.dll+0x844463]
V  [jvm.dll+0x249b75]
V  [jvm.dll+0x680a19]
V  [jvm.dll+0x674f0a]
V  [jvm.dll+0x309acb]
V  [jvm.dll+0x310f86]
V  [jvm.dll+0x3608ee]
V  [jvm.dll+0x360b1f]
V  [jvm.dll+0x2dfbf8]
V  [jvm.dll+0x2e0b64]
V  [jvm.dll+0x813f41]
V  [jvm.dll+0x36e6a1]
V  [jvm.dll+0x7f347c]
V  [jvm.dll+0x3f0e8f]
V  [jvm.dll+0x3f29d1]
C  [jli.dll+0x526b]
C  [ucrtbase.dll+0x29333]
C  [KERNEL32.DLL+0x1257d]
C  [ntdll.dll+0x5aa48]


---------------  P R O C E S S  ---------------

Threads class SMR info:
_java_thread_list=0x00007ff93dfcc058, length=0, elements={
}

Java Threads: ( => current thread )

Other Threads:
  0x000001e10e350090 GCTaskThread "GC Thread#0" [stack: 0x0000007431a00000,0x0000007431b00000] [id=55336]
  0x000001e10e360dd0 ConcurrentGCThread "G1 Main Marker" [stack: 0x0000007431b00000,0x0000007431c00000] [id=46112]
  0x000001e10e3617e0 ConcurrentGCThread "G1 Conc#0" [stack: 0x0000007431c00000,0x0000007431d00000] [id=55836]

[error occurred during error reporting (printing all threads), id 0xc0000005, EXCEPTION_ACCESS_VIOLATION (0xc0000005) at pc=0x00007ff93d780797]

VM state: not at safepoint (not fully initialized)

VM Mutex/Monitor currently owned by a thread:  ([mutex/lock_event])
[0x000001e10e2dbd70] Heap_lock - owner thread: 0x000001e10e2e02a0

Heap address: 0x0000000702000000, size: 4064 MB, Compressed Oops mode: Zero based, Oop shift amount: 3

CDS archive(s) mapped at: [0x0000000000000000-0x0000000000000000-0x0000000000000000), size 0, SharedBaseAddress: 0x0000000800000000, ArchiveRelocationMode: 0.
Narrow klass base: 0x0000000000000000, Narrow klass shift: 0, Narrow klass range: 0x0

GC Precious Log:
<Empty>

Heap:
 garbage-first heap   total 0K, used 0K [0x0000000702000000, 0x0000000800000000)
  region size 2048K, 0 young (0K), 0 survivors (0K)

[error occurred during error reporting (printing heap information), id 0xc0000005, EXCEPTION_ACCESS_VIOLATION (0xc0000005) at pc=0x00007ff93db6d939]

GC Heap History (0 events):
No events

Dll operation events (1 events):
Event: 0.011 Loaded shared library D:\android\sofeware\studio\jbr\bin\java.dll

Deoptimization events (0 events):
No events

Classes unloaded (0 events):
No events

Classes redefined (0 events):
No events

Internal exceptions (0 events):
No events

VM Operations (0 events):
No events

Events (0 events):
No events


Dynamic libraries:
0x00007ff7ab500000 - 0x00007ff7ab50a000 	D:\android\sofeware\studio\jbr\bin\java.exe
0x00007ff97cf10000 - 0x00007ff97d126000 	C:\windows\SYSTEM32\ntdll.dll
0x00007ff97c7d0000 - 0x00007ff97c894000 	C:\windows\System32\KERNEL32.DLL
0x00007ff97a230000 - 0x00007ff97a5d7000 	C:\windows\System32\KERNELBASE.dll
0x00007ff97a680000 - 0x00007ff97a791000 	C:\windows\System32\ucrtbase.dll
0x00007ff975f10000 - 0x00007ff975f2b000 	D:\android\sofeware\studio\jbr\bin\VCRUNTIME140.dll
0x00007ff975f90000 - 0x00007ff975fa7000 	D:\android\sofeware\studio\jbr\bin\jli.dll
0x00007ff97af00000 - 0x00007ff97b0ae000 	C:\windows\System32\USER32.dll
0x00007ff97a8c0000 - 0x00007ff97a8e6000 	C:\windows\System32\win32u.dll
0x00007ff97c4d0000 - 0x00007ff97c4f9000 	C:\windows\System32\GDI32.dll
0x00007ff97ab20000 - 0x00007ff97ac39000 	C:\windows\System32\gdi32full.dll
0x00007ff97a7a0000 - 0x00007ff97a83a000 	C:\windows\System32\msvcp_win.dll
0x00007ff967cb0000 - 0x00007ff967f43000 	C:\windows\WinSxS\amd64_microsoft.windows.common-controls_6595b64144ccf1df_6.0.22621.3235_none_270f74e173860f98\COMCTL32.dll
0x00007ff97ce20000 - 0x00007ff97cec7000 	C:\windows\System32\msvcrt.dll
0x00007ff97b4c0000 - 0x00007ff97b4f1000 	C:\windows\System32\IMM32.DLL
0x0000000077d70000 - 0x0000000077d7d000 	C:\Program Files (x86)\360\360Safe\safemon\SafeWrapper.dll
0x00007ff97c610000 - 0x00007ff97c6c2000 	C:\windows\System32\ADVAPI32.dll
0x00007ff97b410000 - 0x00007ff97b4b8000 	C:\windows\System32\sechost.dll
0x00007ff97a650000 - 0x00007ff97a678000 	C:\windows\System32\bcrypt.dll
0x00007ff97c010000 - 0x00007ff97c125000 	C:\windows\System32\RPCRT4.dll
0x00007ff9657c0000 - 0x00007ff96586e000 	C:\Program Files (x86)\360\360Safe\safemon\libzdtp64.dll
0x00007ff97b790000 - 0x00007ff97bfec000 	C:\windows\System32\SHELL32.dll
0x00007ff97cdc0000 - 0x00007ff97ce1e000 	C:\windows\System32\SHLWAPI.dll
0x00007ff979df0000 - 0x00007ff979dfa000 	C:\windows\SYSTEM32\VERSION.dll
0x00007ff9761b0000 - 0x00007ff9761bc000 	D:\android\sofeware\studio\jbr\bin\vcruntime140_1.dll
0x00007ff968d60000 - 0x00007ff968ded000 	D:\android\sofeware\studio\jbr\bin\msvcp140.dll
0x00007ff93d490000 - 0x00007ff93e0fd000 	D:\android\sofeware\studio\jbr\bin\server\jvm.dll
0x00007ff9718b0000 - 0x00007ff9718e4000 	C:\windows\SYSTEM32\WINMM.dll
0x00007ff976660000 - 0x00007ff976669000 	C:\windows\SYSTEM32\WSOCK32.dll
0x00007ff97b260000 - 0x00007ff97b2d1000 	C:\windows\System32\WS2_32.dll
0x00007ff979200000 - 0x00007ff979218000 	C:\windows\SYSTEM32\kernel.appcore.dll
0x00007ff9763b0000 - 0x00007ff9763ba000 	D:\android\sofeware\studio\jbr\bin\jimage.dll
0x00007ff977870000 - 0x00007ff977aa3000 	C:\windows\SYSTEM32\DBGHELP.DLL
0x00007ff97c140000 - 0x00007ff97c4c8000 	C:\windows\System32\combase.dll
0x00007ff97ac60000 - 0x00007ff97ad37000 	C:\windows\System32\OLEAUT32.dll
0x00007ff935a30000 - 0x00007ff935a62000 	C:\windows\SYSTEM32\dbgcore.DLL
0x00007ff97a840000 - 0x00007ff97a8b9000 	C:\windows\System32\bcryptPrimitives.dll
0x00007ff976380000 - 0x00007ff9763a5000 	D:\android\sofeware\studio\jbr\bin\java.dll

dbghelp: loaded successfully - version: 4.0.5 - missing functions: none
symbol engine: initialized successfully - sym options: 0x614 - pdb path: .;D:\android\sofeware\studio\jbr\bin;C:\windows\SYSTEM32;C:\windows\WinSxS\amd64_microsoft.windows.common-controls_6595b64144ccf1df_6.0.22621.3235_none_270f74e173860f98;C:\Program Files (x86)\360\360Safe\safemon;D:\android\sofeware\studio\jbr\bin\server

VM Arguments:
java_command: org.jetbrains.kotlin.cli.jvm.K2JVMCompiler @D:\android\project\android_project\rvigor\app\build\20240513_4306296126494155438.compiler.options
java_class_path (initial): C:\Users\Administrator\.gradle\caches\modules-2\files-2.1\org.jetbrains.kotlin\kotlin-compiler-embeddable\1.8.20\78d9baa57f65babf9e0a93e51f62f26f5f35ac3e\kotlin-compiler-embeddable-1.8.20.jar;C:\Users\Administrator\.gradle\caches\modules-2\files-2.1\org.jetbrains.kotlin\kotlin-stdlib\1.8.20\e72fc5e03ec6c064c678a6bd0d955c88d55b0c4a\kotlin-stdlib-1.8.20.jar;C:\Users\Administrator\.gradle\caches\modules-2\files-2.1\org.jetbrains.kotlin\kotlin-script-runtime\1.8.20\c850771e723701f9d63dbcf641429c0f29290074\kotlin-script-runtime-1.8.20.jar;C:\Users\Administrator\.gradle\caches\modules-2\files-2.1\org.jetbrains.kotlin\kotlin-reflect\1.6.10\1cbe9c92c12a94eea200d23c2bbaedaf3daf5132\kotlin-reflect-1.6.10.jar;C:\Users\Administrator\.gradle\caches\modules-2\files-2.1\org.jetbrains.kotlin\kotlin-daemon-embeddable\1.8.20\c1b808fbe5fee60bd0504a54778120ef40f383d4\kotlin-daemon-embeddable-1.8.20.jar;C:\Users\Administrator\.gradle\caches\modules-2\files-2.1\org.jetbrains.intellij.deps\trove4j\1.0.20200330\3afb14d5f9ceb459d724e907a21145e8ff394f02\trove4j-1.0.20200330.jar;C:\Users\Administrator\.gradle\caches\modules-2\files-2.1\net.java.dev.jna\jna\5.6.0\330f2244e9030119ab3030fc3fededc86713d9cc\jna-5.6.0.jar;C:\Users\Administrator\.gradle\caches\modules-2\files-2.1\org.jetbrains.kotlin\kotlin-stdlib-common\1.8.20\5eddaaf234c8c49d03eebeb6a14feb7f90faca71\kotlin-stdlib-common-1.8.20.jar;C:\Users\Administrator\.gradle\caches\modules-2\files-2.1\org.jetbrains\annotations\13.0\919f0dfe192fb4e063e7dacadee7f8bb9a2672a9\annotations-13.0.jar
Launcher Type: SUN_STANDARD

[Global flags]
     intx CICompilerCount                          = 12                                        {product} {ergonomic}
     uint ConcGCThreads                            = 3                                         {product} {ergonomic}
     uint G1ConcRefinementThreads                  = 13                                        {product} {ergonomic}
   size_t G1HeapRegionSize                         = 2097152                                   {product} {ergonomic}
    uintx GCDrainStackTargetSize                   = 64                                        {product} {ergonomic}
   size_t InitialHeapSize                          = 266338304                                 {product} {ergonomic}
   size_t MarkStackSize                            = 4194304                                   {product} {ergonomic}
   size_t MaxHeapSize                              = 4261412864                                {product} {ergonomic}
   size_t MinHeapDeltaBytes                        = 2097152                                   {product} {ergonomic}
   size_t MinHeapSize                              = 8388608                                   {product} {ergonomic}
    uintx NonNMethodCodeHeapSize                   = 7602480                                {pd product} {ergonomic}
    uintx NonProfiledCodeHeapSize                  = 122027880                              {pd product} {ergonomic}
    uintx ProfiledCodeHeapSize                     = 122027880                              {pd product} {ergonomic}
    uintx ReservedCodeCacheSize                    = 251658240                              {pd product} {ergonomic}
     bool SegmentedCodeCache                       = true                                      {product} {ergonomic}
   size_t SoftMaxHeapSize                          = 4261412864                             {manageable} {ergonomic}
     bool UseCompressedClassPointers               = true                           {product lp64_product} {ergonomic}
     bool UseCompressedOops                        = true                           {product lp64_product} {ergonomic}
     bool UseG1GC                                  = true                                      {product} {ergonomic}
     bool UseLargePagesIndividualAllocation        = false                                  {pd product} {ergonomic}

Logging:
Log output configuration:
 #0: stdout all=warning uptime,level,tags
 #1: stderr all=off uptime,level,tags

Environment Variables:
JAVA_HOME=C:\Users\Administrator\java
CLASSPATH=.;C:\Users\Administrator\java\lib\dt.jar;C:\Users\Administrator\java\lib\tools.jar
PATH=C:\Program Files\Common Files\Oracle\Java\javapath;C:\windows\system32;C:\windows;C:\windows\System32\Wbem;C:\windows\System32\WindowsPowerShell\v1.0\;C:\windows\System32\OpenSSH\;C:\Program Files\TortoiseGit\bin;C:\Program Files (x86)\Git\cmd;C:\Users\Administrator\java\bin;C:\Users\Administrator\AppData\Local\Microsoft\WindowsApps;
USERNAME=Administrator
OS=Windows_NT
PROCESSOR_IDENTIFIER=AMD64 Family 23 Model 96 Stepping 1, AuthenticAMD
TMP=C:\Users\Administrator\AppData\Local\Temp
TEMP=C:\Users\Administrator\AppData\Local\Temp



---------------  S Y S T E M  ---------------

OS:
 Windows 11 , 64 bit Build 22621 (10.0.22621.3374)
OS uptime: 13 days 21:19 hours

CPU: total 16 (initial active 16) (16 cores per cpu, 2 threads per core) family 23 model 96 stepping 1 microcode 0x0, cx8, cmov, fxsr, ht, mmx, 3dnowpref, sse, sse2, sse3, ssse3, sse4a, sse4.1, sse4.2, popcnt, lzcnt, tsc, tscinvbit, avx, avx2, aes, clmul, bmi1, bmi2, adx, sha, fma, vzeroupper, clflush, clflushopt

Memory: 4k page, system-wide physical 16253M (484M free)
TotalPageFile size 36734M (AvailPageFile size 198M)
current process WorkingSet (physical memory assigned to process): 13M, peak: 13M
current process commit charge ("private bytes"): 71M, peak: 325M

vm_info: OpenJDK 64-Bit Server VM (17.0.6+0-b2043.56-9586694) for windows-amd64 JRE (17.0.6+0-b2043.56-9586694), built on Feb  9 2023 20:06:20 by "androidbuild" with MS VC++ 16.10 / 16.11 (VS2019)

END.
